Using pre-set license
Built from '2021.1/staging' branch; Version is '2021.1.28f1 (f3f9dc10f3dd) revision 15989212'; Using compiler version '192528614'; Build Type 'Release'
OS: 'Windows 10 Pro; OS build 19042.1348; Version 2009; 64bit' Language: 'en' Physical Memory: 65320 MB
BatchMode: 1, IsHumanControllingUs: 0, StartBugReporterOnCrash: 0, Is64bit: 1, IsPro: 0

COMMAND LINE ARGUMENTS:
C:\Program Files\Unity\Hub\Editor\2021.1.28f1\Editor\Unity.exe
-adb2
-batchMode
-noUpm
-name
AssetImportWorker0
-projectPath
C:/gameProjects/mc7998a_a5_VR/Arcade Games
-logFile
Logs/AssetImportWorker0.log
-srvPort
51173
Successfully changed project path to: C:/gameProjects/mc7998a_a5_VR/Arcade Games
C:/gameProjects/mc7998a_a5_VR/Arcade Games
Using Asset Import Pipeline V2.
Refreshing native plugins compatible for Editor in 135.90 ms, found 6 plugins.
Preloading 1 native plugins for Editor in 1.07 ms.
Initialize engine version: 2021.1.28f1 (f3f9dc10f3dd)
[Subsystems] Discovering subsystems at path C:/Program Files/Unity/Hub/Editor/2021.1.28f1/Editor/Data/Resources/UnitySubsystems
[Subsystems] Discovering subsystems at path C:/gameProjects/mc7998a_a5_VR/Arcade Games/Assets
GfxDevice: creating device client; threaded=0; jobified=0
Direct3D:
    Version:  Direct3D 11.0 [level 11.1]
    Renderer: NVIDIA GeForce RTX 2070 Super (ID=0x1e91)
    Vendor:   NVIDIA
    VRAM:     8011 MB
    Driver:   27.21.14.6089
Initialize mono
Mono path[0] = 'C:/Program Files/Unity/Hub/Editor/2021.1.28f1/Editor/Data/Managed'
Mono path[1] = 'C:/Program Files/Unity/Hub/Editor/2021.1.28f1/Editor/Data/MonoBleedingEdge/lib/mono/unityjit'
Mono config path = 'C:/Program Files/Unity/Hub/Editor/2021.1.28f1/Editor/Data/MonoBleedingEdge/etc'
Using monoOptions --debugger-agent=transport=dt_socket,embedding=1,server=y,suspend=n,address=127.0.0.1:56180
Begin MonoManager ReloadAssembly
Registering precompiled unity dll's ...
Register platform support module: C:/Program Files/Unity/Hub/Editor/2021.1.28f1/Editor/Data/PlaybackEngines/WindowsStandaloneSupport/UnityEditor.WindowsStandalone.Extensions.dll
Registered in 0.002037 seconds.
Native extension for WindowsStandalone target not found
Refreshing native plugins compatible for Editor in 192.93 ms, found 6 plugins.
Preloading 1 native plugins for Editor in 0.12 ms.
Mono: successfully reloaded assembly
- Completed reload, in  2.634 seconds
Domain Reload Profiling:
	ReloadAssembly (2634ms)
		BeginReloadAssembly (88ms)
			ExecutionOrderSort (0ms)
			DisableScriptedObjects (0ms)
			BackupInstance (0ms)
			ReleaseScriptingObjects (0ms)
			CreateAndSetChildDomain (1ms)
		EndReloadAssembly (703ms)
			LoadAssemblies (85ms)
			RebuildTransferFunctionScriptingTraits (0ms)
			SetupTypeCache (210ms)
			ReleaseScriptCaches (0ms)
			RebuildScriptCaches (34ms)
			SetupLoadedEditorAssemblies (401ms)
				LogAssemblyErrors (0ms)
				InitializePlatformSupportModulesInManaged (7ms)
				SetLoadedEditorAssemblies (0ms)
				RefreshPlugins (193ms)
				BeforeProcessingInitializeOnLoad (2ms)
				ProcessInitializeOnLoadAttributes (146ms)
				ProcessInitializeOnLoadMethodAttributes (52ms)
				AfterProcessingInitializeOnLoad (0ms)
				EditorAssembliesLoaded (0ms)
			ExecutionOrderSort2 (0ms)
			AwakeInstancesAfterBackupRestoration (0ms)
Platform modules already initialized, skipping
Registering precompiled user dll's ...
Registered in 0.008582 seconds.
Begin MonoManager ReloadAssembly
Symbol file LoadedFromMemory doesn't match image C:\gameProjects\mc7998a_a5_VR\Arcade Games\Library\PackageCache\com.unity.visualscripting@1.6.1\Editor\VisualScripting.Core\Dependencies\YamlDotNet\Unity.VisualScripting.YamlDotNet.dll
Symbol file LoadedFromMemory doesn't match image C:\gameProjects\mc7998a_a5_VR\Arcade Games\Library\PackageCache\com.unity.visualscripting@1.6.1\Editor\VisualScripting.Core\Dependencies\DotNetZip\Unity.VisualScripting.IonicZip.dll
Native extension for WindowsStandalone target not found
Refreshing native plugins compatible for Editor in 118.45 ms, found 6 plugins.
Preloading 1 native plugins for Editor in 0.08 ms.
[XR] OculusXRPlugin: registering subsystems
[XR] Unable to register display lifecyle provider: [1]
[XR] Oculus Input lifecycle provider registered.
[XR] Unable to register input lifecyle provider: [1]
System.Reflection.TargetInvocationException: Exception has been thrown by the target of an invocation. ---> System.NullReferenceException: Object reference not set to an instance of an object
  at Unity.XR.Oculus.OculusLoader.AssetPathToAbsolutePath (System.String assetPath) [0x00048] in C:\gameProjects\mc7998a_a5_VR\Arcade Games\Library\PackageCache\com.unity.xr.oculus@1.10.0\Runtime\OculusLoader.cs:250 
  at Unity.XR.Oculus.OculusLoader.EditorLoadOVRPlugin () [0x0007b] in C:\gameProjects\mc7998a_a5_VR\Arcade Games\Library\PackageCache\com.unity.xr.oculus@1.10.0\Runtime\OculusLoader.cs:235 
  at (wrapper managed-to-native) System.Reflection.MonoMethod.InternalInvoke(System.Reflection.MonoMethod,object,object[],System.Exception&)
  at System.Reflection.MonoMethod.Invoke (System.Object obj, System.Reflection.BindingFlags invokeAttr, System.Reflection.Binder binder, System.Object[] parameters, System.Globalization.CultureInfo culture) [0x00032] in <695d1cc93cca45069c528c15c9fdd749>:0 
   --- End of inner exception stack trace ---
  at System.Reflection.MonoMethod.Invoke (System.Object obj, System.Reflection.BindingFlags invokeAttr, System.Reflection.Binder binder, System.Object[] parameters, System.Globalization.CultureInfo culture) [0x00048] in <695d1cc93cca45069c528c15c9fdd749>:0 
  at System.Reflection.MethodBase.Invoke (System.Object obj, System.Object[] parameters) [0x00000] in <695d1cc93cca45069c528c15c9fdd749>:0 
  at UnityEditor.EditorAssemblies.ProcessInitializeOnLoadMethodAttributes () [0x00047] in <5a3f0fb386cb4cc1809e4d066057cf15>:0 
UnityEngine.StackTraceUtility:ExtractStackTrace ()
UnityEngine.DebugLogHandler:LogFormat (UnityEngine.LogType,UnityEngine.Object,string,object[])
UnityEngine.Logger:Log (UnityEngine.LogType,object)
UnityEngine.Debug:LogError (object)
UnityEditor.EditorAssemblies:ProcessInitializeOnLoadMethodAttributes ()

Mono: successfully reloaded assembly
- Completed reload, in  1.905 seconds
Domain Reload Profiling:
	ReloadAssembly (1906ms)
		BeginReloadAssembly (195ms)
			ExecutionOrderSort (0ms)
			DisableScriptedObjects (6ms)
			BackupInstance (0ms)
			ReleaseScriptingObjects (0ms)
			CreateAndSetChildDomain (25ms)
		EndReloadAssembly (1577ms)
			LoadAssemblies (117ms)
			RebuildTransferFunctionScriptingTraits (0ms)
			SetupTypeCache (512ms)
			ReleaseScriptCaches (1ms)
			RebuildScriptCaches (63ms)
			SetupLoadedEditorAssemblies (738ms)
				LogAssemblyErrors (0ms)
				InitializePlatformSupportModulesInManaged (4ms)
				SetLoadedEditorAssemblies (0ms)
				RefreshPlugins (119ms)
				BeforeProcessingInitializeOnLoad (97ms)
				ProcessInitializeOnLoadAttributes (485ms)
				ProcessInitializeOnLoadMethodAttributes (24ms)
				AfterProcessingInitializeOnLoad (9ms)
				EditorAssembliesLoaded (0ms)
			ExecutionOrderSort2 (0ms)
			AwakeInstancesAfterBackupRestoration (7ms)
Platform modules already initialized, skipping
========================================================================
Worker process is ready to serve import requests
Launched and connected shader compiler UnityShaderCompiler.exe after 0.05 seconds
Refreshing native plugins compatible for Editor in 1.16 ms, found 6 plugins.
Preloading 1 native plugins for Editor in 0.14 ms.
Unloading 3600 Unused Serialized files (Serialized files now loaded: 0)
System memory in use before: 144.4 MB.
System memory in use after: 144.4 MB.

Unloading 27 unused Assets to reduce memory usage. Loaded Objects now: 4047.
Total: 4.279100 ms (FindLiveObjects: 0.298100 ms CreateObjectMapping: 0.217900 ms MarkObjects: 3.690900 ms  DeleteObjects: 0.071200 ms)

AssetImportParameters requested are different than current active one (requested -> active):
  custom:framework-win-MediaFoundation: 216162199b28c13a410421893ffa2e32 -> 
  custom:video-decoder-ogg-theora: a1e56fd34408186e4bbccfd4996cb3dc -> 
  custom:container-muxer-webm: aa71ff27fc2769a1b78a27578f13a17b -> 
  custom:container-demuxer-webm: 4f35f7cbe854078d1ac9338744f61a02 -> 
  custom:container-demuxer-ogg: 62fdf1f143b41e24485cea50d1cbac27 -> 
  custom:video-encoder-webm-vp8: eb34c28f22e8b96e1ab97ce403110664 -> 
  custom:video-decoder-webm-vp8: 9c59270c3fd7afecdb556c50c9e8de78 -> 
  custom:audio-decoder-ogg-vorbis: bf7c407c2cedff20999df2af8eb42d56 -> 
  custom:audio-encoder-webm-vorbis: bf7c407c2cedff20999df2af8eb42d56 -> 
========================================================================
Received Import Request.
  path: Assets/Scenes
  artifactKey: Guid(a194fa72805bbf048925ac32d72b46ca) Importer(815301076,1909f56bfc062723c751e8b465ee728b)
Start importing Assets/Scenes using Guid(a194fa72805bbf048925ac32d72b46ca) Importer(815301076,1909f56bfc062723c751e8b465ee728b)  -> (artifact id: '50b1da958e5a00c19239c44b4372c62e') in 0.006977 seconds 
========================================================================
Received Import Request.
  Time since last request: 0.000342 seconds.
  path: Assets/Scenes/SampleScene.unity
  artifactKey: Guid(9fc0d4010bbf28b4594072e72b8655ab) Importer(815301076,1909f56bfc062723c751e8b465ee728b)
Start importing Assets/Scenes/SampleScene.unity using Guid(9fc0d4010bbf28b4594072e72b8655ab) Importer(815301076,1909f56bfc062723c751e8b465ee728b)  -> (artifact id: 'dcc088d1731b590f9572c6f2bab98c6a') in 0.011044 seconds 
========================================================================
Received Import Request.
  Time since last request: 9.085855 seconds.
  path: Assets/PolygonStarter
  artifactKey: Guid(945c19e6e95328544882c3fb769d2211) Importer(815301076,1909f56bfc062723c751e8b465ee728b)
Start importing Assets/PolygonStarter using Guid(945c19e6e95328544882c3fb769d2211) Importer(815301076,1909f56bfc062723c751e8b465ee728b)  -> (artifact id: '74100549049cdac8fff1d34d92b352e8') in 0.003777 seconds 
========================================================================
Received Import Request.
  Time since last request: 2.573077 seconds.
  path: Assets/PolygonStarter/Scenes
  artifactKey: Guid(6ad88594784deec4d9fdf2dd3a933faf) Importer(815301076,1909f56bfc062723c751e8b465ee728b)
Start importing Assets/PolygonStarter/Scenes using Guid(6ad88594784deec4d9fdf2dd3a933faf) Importer(815301076,1909f56bfc062723c751e8b465ee728b)  -> (artifact id: 'bb4a415d3b78f58e511393eaa072f19f') in 0.003683 seconds 
========================================================================
Received Import Request.
  Time since last request: 1.337596 seconds.
  path: Assets/PolygonStarter/Scenes/Demo.unity
  artifactKey: Guid(5215016c20f88ea498985ac3e0ab4f9d) Importer(815301076,1909f56bfc062723c751e8b465ee728b)
Start importing Assets/PolygonStarter/Scenes/Demo.unity using Guid(5215016c20f88ea498985ac3e0ab4f9d) Importer(815301076,1909f56bfc062723c751e8b465ee728b)  -> (artifact id: '52c236184261f151fc2c11125594922e') in 0.009373 seconds 
========================================================================
Received Import Request.
  Time since last request: 35.278630 seconds.
  path: Assets/Scenes/Arcade.unity
  artifactKey: Guid(5215016c20f88ea498985ac3e0ab4f9d) Importer(815301076,1909f56bfc062723c751e8b465ee728b)
Start importing Assets/Scenes/Arcade.unity using Guid(5215016c20f88ea498985ac3e0ab4f9d) Importer(815301076,1909f56bfc062723c751e8b465ee728b)  -> (artifact id: '64bbd1ef152a803de0efe1d141f7b808') in 0.006565 seconds 
